[05-Mar-2024 10:22:35] NOTICE: fpm is running, pid 29535
[05-Mar-2024 10:22:35] NOTICE: ready to handle connections
[12-Mar-2024 15:42:11] NOTICE: Terminating ...
[12-Mar-2024 15:42:11] NOTICE: Terminating ...
[12-Mar-2024 15:42:11] NOTICE: exiting, bye-bye!
[12-Mar-2024 15:42:17] NOTICE: fpm is running, pid 82181
[12-Mar-2024 15:42:17] NOTICE: ready to handle connections
[25-Mar-2024 17:24:49] NOTICE: Terminating ...
[25-Mar-2024 17:24:49] NOTICE: Terminating ...
[25-Mar-2024 17:24:49] NOTICE: exiting, bye-bye!
[25-Mar-2024 17:24:57] NOTICE: fpm is running, pid 20778
[25-Mar-2024 17:24:57] NOTICE: ready to handle connections
[31-Mar-2024 20:48:41] NOTICE: Terminating ...
[31-Mar-2024 20:48:41] NOTICE: Terminating ...
[31-Mar-2024 20:48:41] NOTICE: exiting, bye-bye!
[03-Apr-2024 14:59:54] NOTICE: fpm is running, pid 59367
[03-Apr-2024 14:59:54] NOTICE: ready to handle connections
[03-Apr-2024 15:07:08] NOTICE: Terminating ...
[03-Apr-2024 15:07:08] NOTICE: Terminating ...
[03-Apr-2024 15:07:08] NOTICE: exiting, bye-bye!
[03-Apr-2024 15:07:19] NOTICE: fpm is running, pid 59493
[03-Apr-2024 15:07:19] NOTICE: ready to handle connections
[03-Apr-2024 15:28:41] NOTICE: Terminating ...
[03-Apr-2024 15:28:41] NOTICE: Terminating ...
[03-Apr-2024 15:28:41] NOTICE: exiting, bye-bye!
[03-Apr-2024 15:31:54] NOTICE: fpm is running, pid 59884
[03-Apr-2024 15:31:54] NOTICE: ready to handle connections
